<?xml version="1.0" encoding="UTF-8"?>
<!-- Generated by org.testng.reporters.JUnitReportReporter -->
<testsuite hostname="Ajay-vivobook" failures="0" tests="4" name="com.ajay.api.tests.UserTests" time="2.912" errors="0" timestamp="2025-05-04T11:57:29 IST" skipped="0">
  <testcase classname="com.ajay.api.tests.UserTests" name="testGetUsers" time="1.532"/>
  <testcase classname="com.ajay.api.tests.UserTests" name="testAddUser" time="0.532"/>
  <testcase classname="com.ajay.api.tests.UserTests" name="testUpdateUser" time="0.425"/>
  <testcase classname="com.ajay.api.tests.UserTests" name="testDeleteUser" time="0.423"/>
</testsuite> <!-- com.ajay.api.tests.UserTests -->
